Determining if the pthread_create exist failed with the following output:
Change Dir: /home/yup/桌面/model/Nreal_Project/Project4/build/CMakeFiles/CMakeTmp

Run Build Command:"/usr/bin/make" "cmTC_639ce/fast"
/usr/bin/make -f CMakeFiles/cmTC_639ce.dir/build.make CMakeFiles/cmTC_639ce.dir/build
make[1]: 进入目录“/home/yup/桌面/model/Nreal_Project/Project4/build/CMakeFiles/CMakeTmp”
Building C object CMakeFiles/cmTC_639ce.dir/CheckSymbolExists.c.o
/usr/bin/cc    -o CMakeFiles/cmTC_639ce.dir/CheckSymbolExists.c.o   -c /home/yup/桌面/model/Nreal_Project/Project4/build/CMakeFiles/CMakeTmp/CheckSymbolExists.c
Linking C executable cmTC_639ce
/usr/bin/cmake -E cmake_link_script CMakeFiles/cmTC_639ce.dir/link.txt --verbose=1
/usr/bin/cc      -rdynamic CMakeFiles/cmTC_639ce.dir/CheckSymbolExists.c.o  -o cmTC_639ce 
CMakeFiles/cmTC_639ce.dir/CheckSymbolExists.c.o：在函数‘main’中：
CheckSymbolExists.c:(.text+0x1b)：对‘pthread_create’未定义的引用
collect2: error: ld returned 1 exit status
CMakeFiles/cmTC_639ce.dir/build.make:97: recipe for target 'cmTC_639ce' failed
make[1]: *** [cmTC_639ce] Error 1
make[1]: 离开目录“/home/yup/桌面/model/Nreal_Project/Project4/build/CMakeFiles/CMakeTmp”
Makefile:126: recipe for target 'cmTC_639ce/fast' failed
make: *** [cmTC_639ce/fast] Error 2

File /home/yup/桌面/model/Nreal_Project/Project4/build/CMakeFiles/CMakeTmp/CheckSymbolExists.c:
/* */
#include <pthread.h>

int main(int argc, char** argv)
{
  (void)argv;
#ifndef pthread_create
  return ((int*)(&pthread_create))[argc];
#else
  (void)argc;
  return 0;
#endif
}

Determining if the function pthread_create exists in the pthreads failed with the following output:
Change Dir: /home/yup/桌面/model/Nreal_Project/Project4/build/CMakeFiles/CMakeTmp

Run Build Command:"/usr/bin/make" "cmTC_7d9c8/fast"
/usr/bin/make -f CMakeFiles/cmTC_7d9c8.dir/build.make CMakeFiles/cmTC_7d9c8.dir/build
make[1]: 进入目录“/home/yup/桌面/model/Nreal_Project/Project4/build/CMakeFiles/CMakeTmp”
Building C object CMakeFiles/cmTC_7d9c8.dir/CheckFunctionExists.c.o
/usr/bin/cc   -DCHECK_FUNCTION_EXISTS=pthread_create   -o CMakeFiles/cmTC_7d9c8.dir/CheckFunctionExists.c.o   -c /usr/share/cmake-3.10/Modules/CheckFunctionExists.c
Linking C executable cmTC_7d9c8
/usr/bin/cmake -E cmake_link_script CMakeFiles/cmTC_7d9c8.dir/link.txt --verbose=1
/usr/bin/cc  -DCHECK_FUNCTION_EXISTS=pthread_create    -rdynamic CMakeFiles/cmTC_7d9c8.dir/CheckFunctionExists.c.o  -o cmTC_7d9c8 -lpthreads 
/usr/bin/ld: 找不到 -lpthreads
collect2: error: ld returned 1 exit status
CMakeFiles/cmTC_7d9c8.dir/build.make:97: recipe for target 'cmTC_7d9c8' failed
make[1]: *** [cmTC_7d9c8] Error 1
make[1]: 离开目录“/home/yup/桌面/model/Nreal_Project/Project4/build/CMakeFiles/CMakeTmp”
Makefile:126: recipe for target 'cmTC_7d9c8/fast' failed
make: *** [cmTC_7d9c8/fast] Error 2


Performing C SOURCE FILE Test CMAKE_HAVE_LIBC_PTHREAD failed with the following output:
Change Dir: /home/yup/桌面/model/Nreal_Project/Project4/build/CMakeFiles/CMakeScratch/TryCompile-peskpp

Run Build Command(s):/usr/bin/make -f Makefile cmTC_2305c/fast && /usr/bin/make  -f CMakeFiles/cmTC_2305c.dir/build.make CMakeFiles/cmTC_2305c.dir/build
make[1]: 进入目录“/home/yup/桌面/model/Nreal_Project/Project4/build/CMakeFiles/CMakeScratch/TryCompile-peskpp”
Building C object CMakeFiles/cmTC_2305c.dir/src.c.o
/usr/bin/cc -DCMAKE_HAVE_LIBC_PTHREAD   -o CMakeFiles/cmTC_2305c.dir/src.c.o -c /home/yup/桌面/model/Nreal_Project/Project4/build/CMakeFiles/CMakeScratch/TryCompile-peskpp/src.c
Linking C executable cmTC_2305c
/usr/bin/cmake -E cmake_link_script CMakeFiles/cmTC_2305c.dir/link.txt --verbose=1
/usr/bin/cc -rdynamic CMakeFiles/cmTC_2305c.dir/src.c.o -o cmTC_2305c 
CMakeFiles/cmTC_2305c.dir/src.c.o：在函数‘main’中：
src.c:(.text+0x3e)：对‘pthread_create’未定义的引用
src.c:(.text+0x4a)：对‘pthread_detach’未定义的引用
src.c:(.text+0x56)：对‘pthread_cancel’未定义的引用
src.c:(.text+0x67)：对‘pthread_join’未定义的引用
src.c:(.text+0x7b)：对‘pthread_atfork’未定义的引用
collect2: error: ld returned 1 exit status
CMakeFiles/cmTC_2305c.dir/build.make:98: recipe for target 'cmTC_2305c' failed
make[1]: *** [cmTC_2305c] Error 1
make[1]: 离开目录“/home/yup/桌面/model/Nreal_Project/Project4/build/CMakeFiles/CMakeScratch/TryCompile-peskpp”
Makefile:127: recipe for target 'cmTC_2305c/fast' failed
make: *** [cmTC_2305c/fast] Error 2


Source file was:
#include <pthread.h>

static void* test_func(void* data)
{
  return data;
}

int main(void)
{
  pthread_t thread;
  pthread_create(&thread, NULL, test_func, NULL);
  pthread_detach(thread);
  pthread_cancel(thread);
  pthread_join(thread, NULL);
  pthread_atfork(NULL, NULL, NULL);
  pthread_exit(NULL);

  return 0;
}


